<?xml version="1.0" encoding="UTF-8"?>
<!-- Generated by org.testng.reporters.JUnitReportReporter -->
<testsuite hostname="Lenovo-PC" name="com.appium.android.Yibantest.App" tests="1" failures="0" timestamp="29 Jul 2014 03:21:11 GMT" time="96.410" errors="0">
  <testcase name="addContact" time="96.410" classname="com.appium.android.Yibantest.App"/>
</testsuite> <!-- com.appium.android.Yibantest.App -->
